<?xml version="1.0" encoding="UTF-8"?>
<!-- Generated by org.testng.reporters.JUnitReportReporter -->
<testsuite hostname="Krsna-PC" failures="0" tests="1" name="TestNG.phptestNG" time="0.540" errors="0" timestamp="23 Aug 2019 00:51:42 GMT" skipped="0">
  <testcase classname="TestNG.phptestNG" name="Test" time="0.540"/>
</testsuite> <!-- TestNG.phptestNG -->
